[     5.752] Warning: The directory "/usr/share/fonts/OTF" does not exist.
[     5.752] Warning: The directory "/usr/share/fonts/Type1" does not exist.
[     5.752] Warning: `fonts.dir' not found (or not valid) in "/usr/share/fonts/100dpi".
[     5.752] Warning: `fonts.dir' not found (or not valid) in "/usr/share/fonts/75dpi".
[     5.768] Warning: Open ACPI failed (/var/run/acpid.socket) (No such file or directory)
[     5.799] Warning: Warning, couldn't open module fbdev
[     5.799] Warning: Warning, couldn't open module vesa
[     5.800] Warning: Falling back to old probe method for modesetting
[     5.752] Informational: The server relies on udev to provide the list of input devices.
[     5.752] Informational: Module ABI versions:
[     5.753] Informational: systemd-logind: logind integration requires -keeptty and -keeptty was not provided, disabling logind integration
[     5.754] Informational: xfree86: Adding drm device (/dev/dri/card0)
[     5.768] Informational: LoadModule: "glx"
[     5.770] Informational: Loading /usr/lib/xorg/modules/extensions/libglx.so
[     5.777] Informational: Module glx: vendor="X.Org Foundation"
[     5.777] Informational: Applying OutputClass "AMDgpu" to /dev/dri/card0
[     5.777] Informational: LoadModule: "amdgpu"
[     5.777] Informational: Loading /usr/lib/xorg/modules/drivers/amdgpu_drv.so
[     5.779] Informational: Module amdgpu: vendor="X.Org Foundation"
[     5.780] Informational: LoadModule: "ati"
[     5.780] Informational: Loading /usr/lib/xorg/modules/drivers/ati_drv.so
[     5.780] Informational: Module ati: vendor="X.Org Foundation"
[     5.797] Informational: LoadModule: "modesetting"
[     5.797] Informational: Loading /usr/lib/xorg/modules/drivers/modesetting_drv.so
[     5.798] Informational: Module modesetting: vendor="X.Org Foundation"
[     5.798] Informational: LoadModule: "fbdev"
[     5.799] Informational: LoadModule: "vesa"
[     5.799] Informational: AMDGPU: Driver for AMD Radeon:
[     5.799] Informational: modesetting: Driver for Modesetting Kernel Drivers: kms
[     5.799] Informational: AMDGPU(0): [KMS] Kernel modesetting enabled.
[     5.800] Informational: AMDGPU(0): Creating default Display subsection in Screen section
[     5.800] Informational: AMDGPU(0): Pixel depth = 24 bits stored in 4 bytes (32 bpp pixmaps)
[     5.800] Informational: AMDGPU(0): Using 8 bits per RGB (8 bit DAC)
[     5.800] Informational: Loading sub module "fb"
[     5.800] Informational: LoadModule: "fb"
[     5.800] Informational: Loading /usr/lib/xorg/modules/libfb.so
[     5.801] Informational: Module fb: vendor="X.Org Foundation"
[     5.801] Informational: Loading sub module "dri2"
[     5.801] Informational: LoadModule: "dri2"
[     5.801] Informational: Module "dri2" already built-in
[     5.943] Informational: Loading sub module "glamoregl"
[     5.943] Informational: LoadModule: "glamoregl"
[     5.943] Informational: Loading /usr/lib/xorg/modules/libglamoregl.so
[     5.949] Informational: Module glamoregl: vendor="X.Org Foundation"
[     5.969] Informational: AMDGPU(0): glamor X acceleration enabled on AMD RAVEN (DRM 3.37.0, 5.7.15-1-MANJARO, LLVM 10.0.1)
[     5.969] Informational: AMDGPU(0): glamor detected, initialising EGL layer.
[     5.969] Informational: AMDGPU(0): KMS Pageflipping: enabled
[     5.969] Informational: AMDGPU(0): Output eDP has no monitor section
[     5.969] Informational: AMDGPU(0): Output HDMI-A-0 has no monitor section
[     5.969] Informational: AMDGPU(0): Output DisplayPort-0 has no monitor section
[     5.969] Informational: AMDGPU(0): Output DisplayPort-1 has no monitor section
[     5.981] Informational: AMDGPU(0): EDID for output eDP
[     5.981] Informational: AMDGPU(0): Manufacturer: CMN  Model: 1404  Serial#: 0
[     5.981] Informational: AMDGPU(0): Year: 2016  Week: 36
[     5.981] Informational: AMDGPU(0): EDID Version: 1.4
[     5.981] Informational: AMDGPU(0): Digital Display Input
[     5.981] Informational: AMDGPU(0): 8 bits per channel
[     5.981] Informational: AMDGPU(0): Digital interface is DisplayPort
[     5.981] Informational: AMDGPU(0): Max Image Size [cm]: horiz.: 31  vert.: 17
[     5.981] Informational: AMDGPU(0): Gamma: 2.20
[     5.981] Informational: AMDGPU(0): No DPMS capabilities specified
[     5.981] Informational: AMDGPU(0): Supported color encodings: RGB 4:4:4 
[     5.981] Informational: AMDGPU(0): First detailed timing is preferred mode
[     5.981] Informational: AMDGPU(0): Preferred mode is native pixel format and refresh rate
[     5.981] Informational: AMDGPU(0): redX: 0.590 redY: 0.350   greenX: 0.330 greenY: 0.555
[     5.981] Informational: AMDGPU(0): blueX: 0.153 blueY: 0.119   whiteX: 0.313 whiteY: 0.329
[     5.981] Informational: AMDGPU(0): Manufacturer's mask: 0
[     5.981] Informational: AMDGPU(0): Supported detailed timing:
[     5.981] Informational: AMDGPU(0): clock: 152.8 MHz   Image Size:  309 x 173 mm
[     5.981] Informational: AMDGPU(0): h_active: 1920  h_sync: 2000  h_sync_end 2060 h_blank_end 2250 h_border: 0
[     5.981] Informational: AMDGPU(0): v_active: 1080  v_sync: 1086  v_sync_end 1094 v_blanking: 1132 v_border: 0
[     5.981] Informational: AMDGPU(0):  N140HCA-EAD
[     5.981] Informational: AMDGPU(0):  CMN
[     5.981] Informational: AMDGPU(0):  N140HCA-EAD
[     5.981] Informational: AMDGPU(0): EDID (in hex):
[     5.981] Informational: AMDGPU(0): 	00ffffffffffff000dae041400000000
[     5.981] Informational: AMDGPU(0): 	241a0104a51f11780228659759548e27
[     5.981] Informational: AMDGPU(0): 	1e505400000001010101010101010101
[     5.981] Informational: AMDGPU(0): 	010101010101b43b804a71383440503c
[     5.981] Informational: AMDGPU(0): 	680035ad10000018000000fe004e3134
[     5.982] Informational: AMDGPU(0): 	304843412d4541440a20000000fe0043
[     5.982] Informational: AMDGPU(0): 	4d4e0a202020202020202020000000fe
[     5.982] Informational: AMDGPU(0): 	004e3134304843412d4541440a2000d3
[     5.982] Informational: AMDGPU(0): Printing probed modes for output eDP
[     5.982] Informational: AMDGPU(0): Modeline "1920x1080"x60.0  152.84  1920 2000 2060 2250  1080 1086 1094 1132 -hsync -vsync (67.9 kHz eP)
[     5.982] Informational: AMDGPU(0): Modeline "1680x1050"x60.0  152.84  1680 2000 2060 2250  1050 1086 1094 1132 -hsync -vsync (67.9 kHz e)
[     5.982] Informational: AMDGPU(0): Modeline "1280x1024"x60.0  152.84  1280 2000 2060 2250  1024 1086 1094 1132 -hsync -vsync (67.9 kHz e)
[     5.982] Informational: AMDGPU(0): Modeline "1440x900"x60.0  152.84  1440 2000 2060 2250  900 1086 1094 1132 -hsync -vsync (67.9 kHz e)
[     5.982] Informational: AMDGPU(0): Modeline "1280x800"x60.0  152.84  1280 2000 2060 2250  800 1086 1094 1132 -hsync -vsync (67.9 kHz e)
[     5.982] Informational: AMDGPU(0): Modeline "1280x720"x60.0  152.84  1280 2000 2060 2250  720 1086 1094 1132 -hsync -vsync (67.9 kHz e)
[     5.982] Informational: AMDGPU(0): Modeline "1024x768"x60.0  152.84  1024 2000 2060 2250  768 1086 1094 1132 -hsync -vsync (67.9 kHz e)
[     5.982] Informational: AMDGPU(0): Modeline "800x600"x60.0  152.84  800 2000 2060 2250  600 1086 1094 1132 -hsync -vsync (67.9 kHz e)
[     5.982] Informational: AMDGPU(0): Modeline "640x480"x60.0  152.84  640 2000 2060 2250  480 1086 1094 1132 -hsync -vsync (67.9 kHz e)
[     5.982] Informational: AMDGPU(0): EDID for output HDMI-A-0
[     5.982] Informational: AMDGPU(0): EDID for output DisplayPort-0
[     5.982] Informational: AMDGPU(0): EDID for output DisplayPort-1
[     5.982] Informational: AMDGPU(0): Output eDP connected
[     5.982] Informational: AMDGPU(0): Output HDMI-A-0 disconnected
[     5.982] Informational: AMDGPU(0): Output DisplayPort-0 disconnected
[     5.982] Informational: AMDGPU(0): Output DisplayPort-1 disconnected
[     5.982] Informational: AMDGPU(0): Using exact sizes for initial modes
[     5.982] Informational: AMDGPU(0): Output eDP using initial mode 1920x1080 +0+0
[     5.982] Informational: AMDGPU(0): mem size init: gart size :bf7cf000 vram size: s:3e43e000 visible:3e43e000
[     5.982] Informational: Loading sub module "ramdac"
[     5.982] Informational: LoadModule: "ramdac"
[     5.982] Informational: Module "ramdac" already built-in
[     5.982] Informational: UnloadModule: "modesetting"
[     5.982] Informational: Unloading modesetting
[     5.982] Informational: AMDGPU(0): [DRI2] Setup complete
[     5.982] Informational: AMDGPU(0): [DRI2]   DRI driver: radeonsi
[     5.982] Informational: AMDGPU(0): [DRI2]   VDPAU driver: radeonsi
[     6.054] Informational: AMDGPU(0): Front buffer pitch: 7680 bytes
[     6.054] Informational: AMDGPU(0): SYNC extension fences enabled
[     6.054] Informational: AMDGPU(0): Present extension enabled
[     6.055] Informational: AMDGPU(0): Direct rendering enabled
[     6.065] Informational: AMDGPU(0): Use GLAMOR acceleration.
[     6.065] Informational: AMDGPU(0): Acceleration enabled
[     6.065] Informational: AMDGPU(0): Set up textured video (glamor)
[     6.082] Informational: Initializing extension Generic Event Extension
[     6.082] Informational: Initializing extension SHAPE
[     6.082] Informational: Initializing extension MIT-SHM
[     6.082] Informational: Initializing extension XInputExtension
[     6.082] Informational: Initializing extension XTEST
[     6.083] Informational: Initializing extension BIG-REQUESTS
[     6.083] Informational: Initializing extension SYNC
[     6.083] Informational: Initializing extension XKEYBOARD
[     6.084] Informational: Initializing extension XC-MISC
[     6.084] Informational: Initializing extension SECURITY
[     6.084] Informational: Initializing extension XFIXES
[     6.084] Informational: Initializing extension RENDER
[     6.084] Informational: Initializing extension RANDR
[     6.085] Informational: Initializing extension COMPOSITE
[     6.085] Informational: Initializing extension DAMAGE
[     6.085] Informational: Initializing extension MIT-SCREEN-SAVER
[     6.085] Informational: Initializing extension DOUBLE-BUFFER
[     6.085] Informational: Initializing extension RECORD
[     6.086] Informational: Initializing extension DPMS
[     6.086] Informational: Initializing extension Present
[     6.086] Informational: Initializing extension DRI3
[     6.086] Informational: Initializing extension X-Resource
[     6.086] Informational: Initializing extension XVideo
[     6.086] Informational: Initializing extension XVideo-MotionCompensation
[     6.087] Informational: Initializing extension GLX
[     6.097] Informational: AIGLX: Loaded and initialized radeonsi
[     6.097] Informational: GLX: Initialized DRI2 GL provider for screen 0
[     6.097] Informational: Initializing extension XFree86-VidModeExtension
[     6.097] Informational: Initializing extension XFree86-DGA
[     6.097] Informational: Initializing extension XFree86-DRI
[     6.097] Informational: Initializing extension DRI2
[     6.101] Informational: AMDGPU(0): Setting screen physical size to 508 x 285
[     6.204] Informational: config/udev: Adding input device Power Button (/dev/input/event2)
[     6.205] Informational: LoadModule: "libinput"
[     6.205] Informational: Loading /usr/lib/xorg/modules/input/libinput_drv.so
[     6.208] Informational: Module libinput: vendor="X.Org Foundation"
[     6.208] Informational: Using input driver 'libinput' for 'Power Button'
[     6.213] Informational: event2  - Power Button: is tagged by udev as: Keyboard
[     6.213] Informational: event2  - Power Button: device is a keyboard
[     6.213] Informational: event2  - Power Button: device removed
[     6.242] Informational: XINPUT: Adding extended input device "Power Button" (type: KEYBOARD, id 6)
[     6.243] Informational: event2  - Power Button: is tagged by udev as: Keyboard
[     6.243] Informational: event2  - Power Button: device is a keyboard
[     6.245] Informational: config/udev: Adding input device Video Bus (/dev/input/event3)
[     6.245] Informational: Using input driver 'libinput' for 'Video Bus'
[     6.247] Informational: event3  - Video Bus: is tagged by udev as: Keyboard
[     6.247] Informational: event3  - Video Bus: device is a keyboard
[     6.247] Informational: event3  - Video Bus: device removed
[     6.308] Informational: XINPUT: Adding extended input device "Video Bus" (type: KEYBOARD, id 7)
[     6.311] Informational: event3  - Video Bus: is tagged by udev as: Keyboard
[     6.311] Informational: event3  - Video Bus: device is a keyboard
[     6.312] Informational: config/udev: Adding input device Power Button (/dev/input/event0)
[     6.312] Informational: Using input driver 'libinput' for 'Power Button'
[     6.313] Informational: event0  - Power Button: is tagged by udev as: Keyboard
[     6.313] Informational: event0  - Power Button: device is a keyboard
[     6.314] Informational: event0  - Power Button: device removed
[     6.348] Informational: XINPUT: Adding extended input device "Power Button" (type: KEYBOARD, id 8)
[     6.350] Informational: event0  - Power Button: is tagged by udev as: Keyboard
[     6.350] Informational: event0  - Power Button: device is a keyboard
[     6.351] Informational: config/udev: Adding input device Lid Switch (/dev/input/event1)
[     6.351] Informational: No input driver specified, ignoring this device.
[     6.351] Informational: This device may have been added with another device file.
[     6.352] Informational: config/udev: Adding input device HD-Audio Generic HDMI/DP,pcm=3 (/dev/input/event9)
[     6.352] Informational: No input driver specified, ignoring this device.
[     6.352] Informational: This device may have been added with another device file.
[     6.354] Informational: config/udev: Adding input device ov9734_azurewave_camera: ov9734 (/dev/input/event12)
[     6.354] Informational: Using input driver 'libinput' for 'ov9734_azurewave_camera: ov9734'
[     6.357] Informational: event12 - ov9734_azurewave_camera: ov9734: is tagged by udev as: Keyboard
[     6.357] Informational: event12 - ov9734_azurewave_camera: ov9734: device is a keyboard
[     6.357] Informational: event12 - ov9734_azurewave_camera: ov9734: device removed
[     6.401] Informational: XINPUT: Adding extended input device "ov9734_azurewave_camera: ov9734" (type: KEYBOARD, id 9)
[     6.404] Informational: event12 - ov9734_azurewave_camera: ov9734: is tagged by udev as: Keyboard
[     6.404] Informational: event12 - ov9734_azurewave_camera: ov9734: device is a keyboard
[     6.405] Informational: config/udev: Adding input device HDA Digital PCBeep (/dev/input/event10)
[     6.405] Informational: No input driver specified, ignoring this device.
[     6.405] Informational: This device may have been added with another device file.
[     6.406] Informational: config/udev: Adding input device HD-Audio Generic Headphone (/dev/input/event11)
[     6.406] Informational: No input driver specified, ignoring this device.
[     6.406] Informational: This device may have been added with another device file.
[     6.407] Informational: config/udev: Adding input device 06CBCDC2:00 06CB:CDE9 Mouse (/dev/input/event7)
[     6.407] Informational: Using input driver 'libinput' for '06CBCDC2:00 06CB:CDE9 Mouse'
[     6.410] Informational: event7  - 06CBCDC2:00 06CB:CDE9 Mouse: is tagged by udev as: Mouse Pointingstick
[     6.410] Informational: event7  - 06CBCDC2:00 06CB:CDE9 Mouse: device is a pointer
[     6.411] Informational: event7  - 06CBCDC2:00 06CB:CDE9 Mouse: device removed
[     6.468] Informational: XINPUT: Adding extended input device "06CBCDC2:00 06CB:CDE9 Mouse" (type: MOUSE, id 10)
[     6.471] Informational: event7  - 06CBCDC2:00 06CB:CDE9 Mouse: is tagged by udev as: Mouse Pointingstick
[     6.471] Informational: event7  - 06CBCDC2:00 06CB:CDE9 Mouse: device is a pointer
[     6.473] Informational: config/udev: Adding input device 06CBCDC2:00 06CB:CDE9 Mouse (/dev/input/mouse0)
[     6.473] Informational: No input driver specified, ignoring this device.
[     6.473] Informational: This device may have been added with another device file.
[     6.474] Informational: config/udev: Adding input device 06CBCDC2:00 06CB:CDE9 Touchpad (/dev/input/event8)
[     6.474] Informational: Using input driver 'libinput' for '06CBCDC2:00 06CB:CDE9 Touchpad'
[     6.477] Informational: event8  - 06CBCDC2:00 06CB:CDE9 Touchpad: is tagged by udev as: Touchpad
[     6.479] Informational: event8  - 06CBCDC2:00 06CB:CDE9 Touchpad: device is a touchpad
[     6.479] Informational: event8  - 06CBCDC2:00 06CB:CDE9 Touchpad: device removed
[     6.535] Informational: XINPUT: Adding extended input device "06CBCDC2:00 06CB:CDE9 Touchpad" (type: TOUCHPAD, id 11)
[     6.540] Informational: event8  - 06CBCDC2:00 06CB:CDE9 Touchpad: is tagged by udev as: Touchpad
[     6.543] Informational: event8  - 06CBCDC2:00 06CB:CDE9 Touchpad: device is a touchpad
[     6.544] Informational: config/udev: Adding input device 06CBCDC2:00 06CB:CDE9 Touchpad (/dev/input/mouse1)
[     6.544] Informational: Using input driver 'libinput' for '06CBCDC2:00 06CB:CDE9 Touchpad'
[     6.615] Informational: mouse1  - failed to create input device '/dev/input/mouse1'.
[     6.615] Informational: UnloadModule: "libinput"
[     6.616] Informational: config/udev: Adding input device Huawei WMI hotkeys (/dev/input/event6)
[     6.616] Informational: Using input driver 'libinput' for 'Huawei WMI hotkeys'
[     6.617] Informational: event6  - Huawei WMI hotkeys: is tagged by udev as: Keyboard
[     6.617] Informational: event6  - Huawei WMI hotkeys: device is a keyboard
[     6.618] Informational: event6  - Huawei WMI hotkeys: device removed
[     6.668] Informational: XINPUT: Adding extended input device "Huawei WMI hotkeys" (type: KEYBOARD, id 12)
[     6.670] Informational: event6  - Huawei WMI hotkeys: is tagged by udev as: Keyboard
[     6.670] Informational: event6  - Huawei WMI hotkeys: device is a keyboard
[     6.671] Informational: config/udev: Adding input device AT Translated Set 2 keyboard (/dev/input/event4)
[     6.671] Informational: Using input driver 'libinput' for 'AT Translated Set 2 keyboard'
[     6.673] Informational: event4  - AT Translated Set 2 keyboard: is tagged by udev as: Keyboard
[     6.673] Informational: event4  - AT Translated Set 2 keyboard: device is a keyboard
[     6.674] Informational: event4  - AT Translated Set 2 keyboard: device removed
[     6.708] Informational: XINPUT: Adding extended input device "AT Translated Set 2 keyboard" (type: KEYBOARD, id 13)
[     6.710] Informational: event4  - AT Translated Set 2 keyboard: is tagged by udev as: Keyboard
[     6.710] Informational: event4  - AT Translated Set 2 keyboard: device is a keyboard
[     6.712] Informational: config/udev: Adding input device PC Speaker (/dev/input/event5)
[     6.712] Informational: No input driver specified, ignoring this device.
[     6.712] Informational: This device may have been added with another device file.
[    37.497] Informational: AMDGPU(0): EDID vendor "CMN", prod id 5124
[    37.497] Informational: AMDGPU(0): Printing DDC gathered Modelines:
[    37.497] Informational: AMDGPU(0): Modeline "1920x1080"x0.0  152.84  1920 2000 2060 2250  1080 1086 1094 1132 -hsync -vsync (67.9 kHz eP)
[    39.092] Informational: AMDGPU(0): EDID vendor "CMN", prod id 5124
[    39.092] Informational: AMDGPU(0): Printing DDC gathered Modelines:
[    39.092] Informational: AMDGPU(0): Modeline "1920x1080"x0.0  152.84  1920 2000 2060 2250  1080 1086 1094 1132 -hsync -vsync (67.9 kHz eP)
[ 17180.325] Informational: event2  - Power Button: device removed
[ 17180.353] Informational: event3  - Video Bus: device removed
[ 17180.374] Informational: event0  - Power Button: device removed
[ 17180.389] Informational: event12 - ov9734_azurewave_camera: ov9734: device removed
[ 17180.412] Informational: event7  - 06CBCDC2:00 06CB:CDE9 Mouse: device removed
[ 17180.434] Informational: event8  - 06CBCDC2:00 06CB:CDE9 Touchpad: device removed
[ 17180.453] Informational: event6  - Huawei WMI hotkeys: device removed
[ 17180.474] Informational: event4  - AT Translated Set 2 keyboard: device removed
[ 17180.490] Informational: AIGLX: Suspending AIGLX clients for VT switch
[ 17184.635] Informational: AIGLX: Resuming AIGLX clients after VT switch
[ 17184.658] Informational: AMDGPU(0): EDID vendor "CMN", prod id 5124
[ 17184.658] Informational: AMDGPU(0): Printing DDC gathered Modelines:
[ 17184.658] Informational: AMDGPU(0): Modeline "1920x1080"x0.0  152.84  1920 2000 2060 2250  1080 1086 1094 1132 -hsync -vsync (67.9 kHz eP)
[ 17184.676] Informational: event2  - Power Button: is tagged by udev as: Keyboard
[ 17184.676] Informational: event2  - Power Button: device is a keyboard
[ 17184.679] Informational: event3  - Video Bus: is tagged by udev as: Keyboard
[ 17184.680] Informational: event3  - Video Bus: device is a keyboard
[ 17184.682] Informational: event0  - Power Button: is tagged by udev as: Keyboard
[ 17184.682] Informational: event0  - Power Button: device is a keyboard
[ 17184.685] Informational: event12 - ov9734_azurewave_camera: ov9734: is tagged by udev as: Keyboard
[ 17184.685] Informational: event12 - ov9734_azurewave_camera: ov9734: device is a keyboard
[ 17184.688] Informational: event7  - 06CBCDC2:00 06CB:CDE9 Mouse: is tagged by udev as: Mouse Pointingstick
[ 17184.688] Informational: event7  - 06CBCDC2:00 06CB:CDE9 Mouse: device is a pointer
[ 17184.691] Informational: event8  - 06CBCDC2:00 06CB:CDE9 Touchpad: is tagged by udev as: Touchpad
[ 17184.692] Informational: event8  - 06CBCDC2:00 06CB:CDE9 Touchpad: device is a touchpad
[ 17184.695] Informational: event6  - Huawei WMI hotkeys: is tagged by udev as: Keyboard
[ 17184.695] Informational: event6  - Huawei WMI hotkeys: device is a keyboard
[ 17184.697] Informational: event4  - AT Translated Set 2 keyboard: is tagged by udev as: Keyboard
[ 17184.697] Informational: event4  - AT Translated Set 2 keyboard: device is a keyboard
